Table `command` contains data for non-existant command 'learn all my talents'. Skipped.
Table `command` contains data for non-existant command 'learn all my spells'. Skipped.
Table `command` contains data for non-existant command 'learn all my pettalents'. Skipped.
Table `command` contains data for non-existant command 'learn all my class'. Skipped.
Table `command` contains data for non-existant command 'learn all gm'. Skipped.
Table `command` contains data for non-existant command 'learn all lang'. Skipped.
Table `command` contains legacy help text for command 'learn all default', which uses `trinity_string`. Skipped.
Table `command` contains legacy help text for command 'learn', which uses `trinity_string`. Skipped.
Table `command` contains legacy help text for command 'learn all crafts', which uses `trinity_string`. Skipped.
Table `command` contains legacy help text for command 'unlearn', which uses `trinity_string`. Skipped.
Table `command` contains legacy help text for command 'learn all recipes', which uses `trinity_string`. Skipped.
Table `command` contains data for non-existant command 'learn all my'. Skipped.
Trinity string entry 383 not found in DB.
Trinity string entry 383 not found in DB.
Trinity string entry 392 not found in DB.
Item (Entry: 1007688) does not exist in item.dbc! (not correct id?).
Item (Entry: 1007689) does not exist in item.dbc! (not correct id?).
Table `command` contains data for non-existant command 'learn all my talents'. Skipped.
Table `command` contains data for non-existant command 'learn all my spells'. Skipped.
Table `command` contains data for non-existant command 'learn all my pettalents'. Skipped.
Table `command` contains data for non-existant command 'learn all my class'. Skipped.
Table `command` contains data for non-existant command 'learn all gm'. Skipped.
Table `command` contains data for non-existant command 'learn all lang'. Skipped.
Table `command` contains legacy help text for command 'learn all default', which uses `trinity_string`. Skipped.
Table `command` contains legacy help text for command 'learn', which uses `trinity_string`. Skipped.
Table `command` contains legacy help text for command 'learn all crafts', which uses `trinity_string`. Skipped.
Table `command` contains legacy help text for command 'unlearn', which uses `trinity_string`. Skipped.
Table `command` contains legacy help text for command 'learn all recipes', which uses `trinity_string`. Skipped.
Table `command` contains data for non-existant command 'learn all my'. Skipped.
Item (Entry: 1007688) does not exist in item.dbc! (not correct id?).
Item (Entry: 1007689) does not exist in item.dbc! (not correct id?).
Table `command` contains data for non-existant command 'learn all my talents'. Skipped.
Table `command` contains data for non-existant command 'learn all my spells'. Skipped.
Table `command` contains data for non-existant command 'learn all my pettalents'. Skipped.
Table `command` contains data for non-existant command 'learn all my class'. Skipped.
Table `command` contains data for non-existant command 'learn all gm'. Skipped.
Table `command` contains data for non-existant command 'learn all lang'. Skipped.
Table `command` contains legacy help text for command 'learn all default', which uses `trinity_string`. Skipped.
Table `command` contains legacy help text for command 'learn', which uses `trinity_string`. Skipped.
Table `command` contains legacy help text for command 'learn all crafts', which uses `trinity_string`. Skipped.
Table `command` contains legacy help text for command 'unlearn', which uses `trinity_string`. Skipped.
Table `command` contains legacy help text for command 'learn all recipes', which uses `trinity_string`. Skipped.
Table `command` contains data for non-existant command 'learn all my'. Skipped.
Item (Entry: 1007688) does not exist in item.dbc! (not correct id?).
Item (Entry: 1007689) does not exist in item.dbc! (not correct id?).
Table `command` contains data for non-existant command 'learn all my talents'. Skipped.
Table `command` contains data for non-existant command 'learn all my spells'. Skipped.
Table `command` contains data for non-existant command 'learn all my pettalents'. Skipped.
Table `command` contains data for non-existant command 'learn all my class'. Skipped.
Table `command` contains data for non-existant command 'learn all gm'. Skipped.
Table `command` contains data for non-existant command 'learn all lang'. Skipped.
Table `command` contains legacy help text for command 'learn all default', which uses `trinity_string`. Skipped.
Table `command` contains legacy help text for command 'learn', which uses `trinity_string`. Skipped.
Table `command` contains legacy help text for command 'learn all crafts', which uses `trinity_string`. Skipped.
Table `command` contains legacy help text for command 'unlearn', which uses `trinity_string`. Skipped.
Table `command` contains legacy help text for command 'learn all recipes', which uses `trinity_string`. Skipped.
Table `command` contains data for non-existant command 'learn all my'. Skipped.
Item (Entry: 1007688) does not exist in item.dbc! (not correct id?).
Item (Entry: 1007689) does not exist in item.dbc! (not correct id?).
Item (Entry: 100000) does not exist in item.dbc! (not correct id?).
Table `command` contains data for non-existant command 'learn all my talents'. Skipped.
Table `command` contains data for non-existant command 'learn all my spells'. Skipped.
Table `command` contains data for non-existant command 'learn all my pettalents'. Skipped.
Table `command` contains data for non-existant command 'learn all my class'. Skipped.
Table `command` contains data for non-existant command 'learn all gm'. Skipped.
Table `command` contains data for non-existant command 'learn all lang'. Skipped.
Table `command` contains legacy help text for command 'learn all default', which uses `trinity_string`. Skipped.
Table `command` contains legacy help text for command 'learn', which uses `trinity_string`. Skipped.
Table `command` contains legacy help text for command 'learn all crafts', which uses `trinity_string`. Skipped.
Table `command` contains legacy help text for command 'unlearn', which uses `trinity_string`. Skipped.
Table `command` contains legacy help text for command 'learn all recipes', which uses `trinity_string`. Skipped.
Table `command` contains data for non-existant command 'learn all my'. Skipped.
Trinity string entry 383 not found in DB.
Item (Entry: 1007688) does not exist in item.dbc! (not correct id?).
Item (Entry: 1007689) does not exist in item.dbc! (not correct id?).
Item (Entry: 100000) does not exist in item.dbc! (not correct id?).
Table `command` contains data for non-existant command 'learn all my talents'. Skipped.
Table `command` contains data for non-existant command 'learn all my spells'. Skipped.
Table `command` contains data for non-existant command 'learn all my pettalents'. Skipped.
Table `command` contains data for non-existant command 'learn all my class'. Skipped.
Table `command` contains data for non-existant command 'learn all gm'. Skipped.
Table `command` contains data for non-existant command 'learn all lang'. Skipped.
Table `command` contains legacy help text for command 'learn all default', which uses `trinity_string`. Skipped.
Table `command` contains legacy help text for command 'learn', which uses `trinity_string`. Skipped.
Table `command` contains legacy help text for command 'learn all crafts', which uses `trinity_string`. Skipped.
Table `command` contains legacy help text for command 'unlearn', which uses `trinity_string`. Skipped.
Table `command` contains legacy help text for command 'learn all recipes', which uses `trinity_string`. Skipped.
Table `command` contains data for non-existant command 'learn all my'. Skipped.
Item (Entry: 1007688) does not exist in item.dbc! (not correct id?).
Item (Entry: 1007689) does not exist in item.dbc! (not correct id?).
Item (Entry: 100000) does not exist in item.dbc! (not correct id?).
Wrong class 12 in `playercreateinfo` table, ignoring.
Wrong class 12 in `playercreateinfo` table, ignoring.
Wrong class 12 in `playercreateinfo` table, ignoring.
Table `command` contains data for non-existant command 'learn all my talents'. Skipped.
Table `command` contains data for non-existant command 'learn all my spells'. Skipped.
Table `command` contains data for non-existant command 'learn all my pettalents'. Skipped.
Table `command` contains data for non-existant command 'learn all my class'. Skipped.
Table `command` contains data for non-existant command 'learn all gm'. Skipped.
Table `command` contains data for non-existant command 'learn all lang'. Skipped.
Table `command` contains legacy help text for command 'learn all default', which uses `trinity_string`. Skipped.
Table `command` contains legacy help text for command 'learn', which uses `trinity_string`. Skipped.
Table `command` contains legacy help text for command 'learn all crafts', which uses `trinity_string`. Skipped.
Table `command` contains legacy help text for command 'unlearn', which uses `trinity_string`. Skipped.
Table `command` contains legacy help text for command 'learn all recipes', which uses `trinity_string`. Skipped.
Table `command` contains data for non-existant command 'learn all my'. Skipped.
Item (Entry: 1007688) does not exist in item.dbc! (not correct id?).
Item (Entry: 1007689) does not exist in item.dbc! (not correct id?).
Item (Entry: 100000) does not exist in item.dbc! (not correct id?).
Wrong class 13 in `playercreateinfo` table, ignoring.
Wrong class 13 in `playercreateinfo` table, ignoring.
Wrong class 13 in `playercreateinfo` table, ignoring.
Table `command` contains data for non-existant command 'learn all my talents'. Skipped.
Table `command` contains data for non-existant command 'learn all my spells'. Skipped.
Table `command` contains data for non-existant command 'learn all my pettalents'. Skipped.
Table `command` contains data for non-existant command 'learn all my class'. Skipped.
Table `command` contains data for non-existant command 'learn all gm'. Skipped.
Table `command` contains data for non-existant command 'learn all lang'. Skipped.
Table `command` contains legacy help text for command 'learn all default', which uses `trinity_string`. Skipped.
Table `command` contains legacy help text for command 'learn', which uses `trinity_string`. Skipped.
Table `command` contains legacy help text for command 'learn all crafts', which uses `trinity_string`. Skipped.
Table `command` contains legacy help text for command 'unlearn', which uses `trinity_string`. Skipped.
Table `command` contains legacy help text for command 'learn all recipes', which uses `trinity_string`. Skipped.
Table `command` contains data for non-existant command 'learn all my'. Skipped.
Item (Entry: 1007688) does not exist in item.dbc! (not correct id?).
Item (Entry: 1007689) does not exist in item.dbc! (not correct id?).
Item (Entry: 100000) does not exist in item.dbc! (not correct id?).
Wrong class 13 in `playercreateinfo` table, ignoring.
Wrong class 13 in `playercreateinfo` table, ignoring.
Wrong class 13 in `playercreateinfo` table, ignoring.
Table `command` contains data for non-existant command 'learn all my talents'. Skipped.
Table `command` contains data for non-existant command 'learn all my spells'. Skipped.
Table `command` contains data for non-existant command 'learn all my pettalents'. Skipped.
Table `command` contains data for non-existant command 'learn all my class'. Skipped.
Table `command` contains data for non-existant command 'learn all gm'. Skipped.
Table `command` contains data for non-existant command 'learn all lang'. Skipped.
Table `command` contains legacy help text for command 'learn all default', which uses `trinity_string`. Skipped.
Table `command` contains legacy help text for command 'learn', which uses `trinity_string`. Skipped.
Table `command` contains legacy help text for command 'learn all crafts', which uses `trinity_string`. Skipped.
Table `command` contains legacy help text for command 'unlearn', which uses `trinity_string`. Skipped.
Table `command` contains legacy help text for command 'learn all recipes', which uses `trinity_string`. Skipped.
Table `command` contains data for non-existant command 'learn all my'. Skipped.
Item (Entry: 1007688) does not exist in item.dbc! (not correct id?).
Item (Entry: 1007689) does not exist in item.dbc! (not correct id?).
Item (Entry: 100000) does not exist in item.dbc! (not correct id?).
Wrong class 13 in `playercreateinfo` table, ignoring.
Wrong class 13 in `playercreateinfo` table, ignoring.
Wrong class 13 in `playercreateinfo` table, ignoring.
Table `command` contains data for non-existant command 'learn all my talents'. Skipped.
Table `command` contains data for non-existant command 'learn all my spells'. Skipped.
Table `command` contains data for non-existant command 'learn all my pettalents'. Skipped.
Table `command` contains data for non-existant command 'learn all my class'. Skipped.
Table `command` contains data for non-existant command 'learn all gm'. Skipped.
Table `command` contains data for non-existant command 'learn all lang'. Skipped.
Table `command` contains legacy help text for command 'learn all default', which uses `trinity_string`. Skipped.
Table `command` contains legacy help text for command 'learn', which uses `trinity_string`. Skipped.
Table `command` contains legacy help text for command 'learn all crafts', which uses `trinity_string`. Skipped.
Table `command` contains legacy help text for command 'unlearn', which uses `trinity_string`. Skipped.
Table `command` contains legacy help text for command 'learn all recipes', which uses `trinity_string`. Skipped.
Table `command` contains data for non-existant command 'learn all my'. Skipped.
Table `command` contains data for non-existant command 'learn all my talents'. Skipped.
Table `command` contains data for non-existant command 'learn all my spells'. Skipped.
Table `command` contains data for non-existant command 'learn all my pettalents'. Skipped.
Table `command` contains data for non-existant command 'learn all my class'. Skipped.
Table `command` contains data for non-existant command 'learn all gm'. Skipped.
Table `command` contains data for non-existant command 'learn all lang'. Skipped.
Table `command` contains legacy help text for command 'learn all default', which uses `trinity_string`. Skipped.
Table `command` contains legacy help text for command 'learn', which uses `trinity_string`. Skipped.
Table `command` contains legacy help text for command 'learn all crafts', which uses `trinity_string`. Skipped.
Table `command` contains legacy help text for command 'unlearn', which uses `trinity_string`. Skipped.
Table `command` contains legacy help text for command 'learn all recipes', which uses `trinity_string`. Skipped.
Table `command` contains data for non-existant command 'learn all my'. Skipped.
