TrinityCore rev. 550774a431fa 2021-02-09 15:33:34 +0100 (tswow branch) (Win64, Release, Dynamic) (worldserver-daemon)
<Ctrl-C> to stop.

 ______                       __
/\__  _\       __          __/\ \__
\/_/\ \/ _ __ /\_\    ___ /\_\ \, _\  __  __
   \ \ \/\`'__\/\ \ /' _ `\/\ \ \ \/ /\ \/\ \
    \ \ \ \ \/ \ \ \/\ \/\ \ \ \ \ \_\ \ \_\ \
     \ \_\ \_\  \ \_\ \_\ \_\ \_\ \__\\/`____ \
      \/_/\/_/   \/_/\/_/\/_/\/_/\/__/ `/___/> \
                                 C O R E  /\___/
http://TrinityCore.org                    \/__/

Using configuration file C:/Users/xmymo/Documents/ts-wow/coredata/worldserver.conf.
Using SSL version: OpenSSL 1.1.1h  22 Sep 2020 (library: OpenSSL 1.1.1h  22 Sep 2020)
Using Boost version: 1.72.0
Automatic database updates are disabled for all databases!
Realm running as realm ID 1
Using World DB: TDB 335.20111
Will clear `logs` table of entries older than 1209600 seconds every 10 minutes.
Client cache version set to: 20111
Using DataDir ./
WORLD: MMap data directory is: ./mmaps
VMap support included. LineOfSight: 1, getHeight: 1, indoorCheck: 1
VMap data directory is: ./vmaps
Loading Trinity strings...
>> Loaded 1018 trinity strings in 2 ms
Initialize data stores...
>> Initialized 115 data stores in 1366 ms
Using enUS DBC Locale as default. All available DBC locales: enUS 
>> Loading Cinematic Camera files
>> Loaded 0 cinematic waypoint sets in 0 ms
Loading IP Location Database...
Initializing PlayerDump tables...
>> Initialized tables for PlayerDump in 45 ms.
Loading SpellInfo store...
>> Loaded SpellInfo store in 73 ms
Loading SpellInfo corrections...
>> Loaded SpellInfo corrections in 18 ms
Loading SkillLineAbilityMultiMap Data...
>> Loaded 10219 SkillLineAbility MultiMap Data in 1 ms
Loading SpellInfo custom attributes...
>> Loaded 265 spell custom attributes from DB in 1 ms
>> Loaded SpellInfo custom attributes in 43 ms
Loading SpellInfo diminishing infos...
>> Loaded SpellInfo diminishing infos in 7 ms
Loading SpellInfo immunity infos...
>> Loaded SpellInfo immunity infos in 17 ms
Loading Player Totem models...
>> Loaded 20 player totem model records in 1 ms
Loading GameObject models...
Loading Script Names...
>> Loaded 2999 ScriptNames in 157 ms
Loading Instance Template...
>> Loaded 84 instance templates in 0 ms
Loading instances...
>> Loaded instances in 4 ms
Loading character cache store...
Loaded character infos for 2 characters in 0 ms
Loading Broadcast texts...
>> Loaded 73039 broadcast texts in 247 ms
>> Loaded 73039 broadcast text locales in 1503 ms
Loading Localization strings...
>> Loaded 27246 creature locale strings in 338 ms
>> Loaded 19673 gameobject_template_locale strings in 222 ms
>> Loaded 38113 Item locale strings in 463 ms
>> Loaded 2472 Item set name locale strings in 11 ms
>> Loaded 9458 Quest locale strings in 415 ms
>> Loaded 5273 Quest Offer Reward locale strings in 35 ms
>> Loaded 3285 Quest Request Items locale strings in 19 ms
>> Loaded 26 NpcText locale strings in 2 ms
>> Loaded 1946 PageText locale strings in 53 ms
>> Loaded 1 gossip_menu_option locale strings in 2 ms
>> Loaded 453 points_of_interest locale strings in 3 ms
>> Loaded 71 quest greeting locale strings in 3 ms
>> Localization strings loaded in 1568 ms
Loading Account Roles and Permissions...
>> Loaded 668 permission definitions, 647 linked permissions and 4 default permissions in 8 ms
Loading Page Texts...
>> Loaded 1951 page texts in 17 ms
Loading Game Object Templates...
>> Loaded 21572 game object templates in 97 ms
Loading Game Object template addons...
>> Loaded 21500 game object template addons in 29 ms
Loading Transport templates...
>> Loaded 30 transport templates in 16 ms
Loading Transport animations and rotations...
Loading Spell Rank Data...
>> Loaded 3465 spell rank records in 6 ms
Loading Spell Required Data...
>> Loaded 41 spell required records in 1 ms
Loading Spell Group types...
>> Loaded 549 spell group definitions in 1 ms
Loading Spell Learn Skills...
>> Loaded 103 Spell Learn Skills from DBC in 4 ms
Loading SpellInfo SpellSpecific and AuraState...
>> Loaded SpellInfo SpellSpecific and AuraState in 13 ms
Loading Spell Learn Spells...
>> Loaded 8 spell learn spells + 574 found in DBC in 4 ms
Loading Spell Proc conditions and data...
>> Loaded 845 spell proc conditions and data in 4 ms
Generating spell proc data from SpellMap...
>> Generated spell proc data for 1386 spells in 6 ms
Loading Spell Bonus Data...
>> Loaded 216 extra spell bonus data in 1 ms
Loading Aggro Spells Definitions...
>> Loaded 106 SpellThreatEntries in 1 ms
Loading Spell Group Stack Rules...
>> Loaded 65 spell group stack rules in 1 ms
>> Parsing SPELL_GROUP_STACK_RULE_EXCLUSIVE_SAME_EFFECT stack rules...
>> Parsed 14 SPELL_GROUP_STACK_RULE_EXCLUSIVE_SAME_EFFECT stack rules in 0 ms
Loading NPC Texts...
>> Loaded 8294 npc texts in 112 ms
Loading Enchant Spells Proc datas...
>> Loaded 42 enchant proc data definitions in 1 ms
Loading Item Random Enchantments Table...
>> Loaded 28607 Item Enchantment definitions in 21 ms
Loading Disables
>> Loaded 859 disables in 2 ms
Loading Items...
>> Loaded 38611 item templates in 626 ms
Loading Item set names...
>> Loaded 2481 item set names in 5 ms
Loading Creature Model Based Info Data...
>> Loaded 24143 creature model based info in 27 ms
Loading Creature templates...
>> Loaded 1735 creature template resistances in 3 ms
>> Loaded 9642 creature template spells in 12 ms
>> Loaded 29924 creature definitions in 373 ms
Loading Equipment templates...
>> Loaded 10874 equipment templates in 15 ms
Loading Creature template addons...
>> Loaded 11750 creature template addons in 18 ms
Loading Reputation Reward Rates...
>> Loaded 16 reputation_reward_rate in 1 ms
Loading Creature Reputation OnKill Data...
>> Loaded 2028 creature award reputation definitions in 4 ms
Loading Reputation Spillover Data...
>> Loaded 26 reputation_spillover_template in 1 ms
Loading Points Of Interest Data...
>> Loaded 453 Points of Interest definitions in 1 ms
Loading Creature Base Stats...
>> Loaded 400 creature base stats in 7 ms
Loading Spawn Group Templates...
>> Loaded 62 spawn group templates in 1 ms
Loading instance spawn groups...
>> Loaded 55 instance spawn groups in 1 ms
Loading Creature Data...
>> Loaded 151205 creatures in 1191 ms
Loading Temporary Summon Data...
>> Loaded 1082 temp summons in 3 ms
Loading pet levelup spells...
>> Loaded 993 pet levelup and default spells for 39 families in 3 ms
Loading pet default spells additional to levelup spells...
>> Loaded addition spells for 111 pet spell data entries in 4 ms
Loading summonable creature templates...
>> Loaded 464 summonable creature templates in 6 ms
Loading Creature Addon Data...
>> Loaded 36611 creature addons in 72 ms
Loading Creature Movement Overrides...
>> Loaded 10 movement overrides in 5 ms
Loading Gameobject Data...
>> Loaded 92255 gameobjects in 814 ms
Loading Spawn Group Data...
>> Loaded 97235 spawn group members in 67 ms
Loading GameObject Addon Data...
>> Loaded 59659 gameobject addons in 112 ms
Loading GameObject faction and flags overrides...
>> Loaded 20 gameobject faction and flags overrides in 1 ms
Loading GameObject Quest Items...
>> Loaded 857 gameobject quest items in 2 ms
Loading Creature Quest Items...
>> Loaded 4391 creature quest items in 7 ms
Loading Creature Linked Respawn...
>> Loaded 4785 linked respawns in 6 ms
Loading Weather Data...
>> Loaded 35 weather definitions in 1 ms
Loading Quests...
>> Loaded 9465 quests definitions in 237 ms
Checking Quest Disables
>> Checked 687 quest disables in 0 ms
Loading Quest POI
>> Loaded 8953 quest POI definitions in 101 ms
Loading Quests Starters and Enders...
Loading GO Start Quest Data...
>> Loaded 446 quest relations from gameobject_queststarter in 1 ms
Loading GO End Quest Data...
>> Loaded 457 quest relations from gameobject_questender in 1 ms
Loading Creature Start Quest Data...
>> Loaded 7425 quest relations from creature_queststarter in 5 ms
Loading Creature End Quest Data...
>> Loaded 7860 quest relations from creature_questender in 8 ms
Loading Quests Greetings...
>> Loaded 178 quest_greeting in 2 ms
Loading Objects Pooling Data...
>> Loaded 3490 objects pools in 2 ms
Loading Creatures Pooling Data...
>> Loaded 1374 creatures in pools in 11 ms
Loading Gameobject Pooling Data...
>> Loaded 25818 gameobject in pools in 195 ms
Loading Mother Pooling Data...
>> Loaded 2574 pools in mother pools in 21 ms
Starting objects pooling system...
Loading Quest Pooling Data...
>> Loaded 35 daily, 7 weekly and 0 monthly quest pools in 6 ms
Loading Game Event Data...
>> Loaded 156 holiday dates in 2 ms
>> Loaded 83 game events in 1 ms.
Loading Game Event Saves Data...
>> Loaded 0 game event saves in game events. DB table `game_event_save` is empty.
Loading Game Event Prerequisite Data...
>> Loaded 0 game event prerequisites in game events. DB table `game_event_prerequisite` is empty.
Loading Game Event Creature Data...
>> Loaded 9846 creatures in game events in 8 ms.
Loading Game Event GO Data...
>> Loaded 31249 gameobjects in game events in 21 ms.
Loading Game Event Model/Equipment Change Data...
>> Loaded 9 model/equipment changes in game events in 1 ms.
Loading Game Event Quest Data...
>> Loaded 224 quests additions in game events in 0 ms.
Loading Game Event GO Quest Data...
>> Loaded 78 quests additions in game events in 1 ms.
Loading Game Event Quest Condition Data...
>> Loaded 0 quest event conditions in game events. DB table `game_event_quest_condition` is empty.
Loading Game Event Condition Data...
>> Loaded 0 conditions in game events. DB table `game_event_condition` is empty.
Loading Game Event Condition Save Data...
>> Loaded 0 condition saves in game events. DB table `game_event_condition_save` is empty.
Loading Game Event NPCflag Data...
>> Loaded 5 npcflags in game events in 1 ms.
Loading Game Event Seasonal Quest Relations...
>> Loaded 690 quests additions in game events in 2 ms.
Loading Game Event Vendor Additions Data...
>> Loaded 14 vendor additions in game events in 2 ms.
Loading Game Event Battleground Holiday Data...
>> Loaded 6 battleground holidays in game events in 1 ms.
Loading Game Event Pool Data...
>> Loaded 9 pools for game events in 0 ms.
Loading UNIT_NPC_FLAG_SPELLCLICK Data...
>> Loaded 325 spellclick definitions in 5 ms
Loading Vehicle Template Accessories...
>> Loaded 198 Vehicle Template Accessories in 1 ms
Loading Vehicle Accessories...
>> Loaded 0 Vehicle Accessories in 1 ms
Loading Vehicle Seat Addon Data...
>> Loaded 12 Vehicle Seat Addon entries in 1 ms
Loading SpellArea Data...
>> Loaded 766 spell area requirements in 2 ms
Loading AreaTrigger definitions...
>> Loaded 276 area trigger teleport definitions in 1 ms
Loading Access Requirements...
Key item 642839 does not exist for map 1007688 difficulty 1, removing key requirement.
>> Loaded 123 access requirement definitions in 1 ms
Loading Quest Area Triggers...
>> Loaded 60 quest trigger points in 1 ms
Loading Tavern Area Triggers...
>> Loaded 114 tavern triggers in 1 ms
Loading AreaTrigger script names...
>> Loaded 198 areatrigger scripts in 0 ms
Loading LFG entrance positions...
>> Loaded 20 lfg entrance positions in 1 ms
Loading Dungeon boss data...
>> Loaded 612 instance encounters in 2 ms
Loading LFG rewards...
>> Loaded 15 lfg dungeon rewards in 1 ms
Loading Graveyard-zone links...
>> Loaded 700 graveyard-zone links in 3 ms
Loading spell pet auras...
>> Loaded 47 spell pet auras in 1 ms
Loading Spell target coordinates...
>> Loaded 588 spell teleport coordinates in 2 ms
Loading enchant custom attributes...
>> Loaded 32 custom enchant attributes in 1 ms
Loading linked spells...
>> Loaded 456 linked spells in 1 ms
Loading Player Create Data...
>> Loaded 65 player create definitions in 1 ms
Loading Player Create Items Data...
>> Loaded 1 custom player create items in 0 ms
Loading Player Create Skill Data...
>> Loaded 1129 player create skills in 8 ms
Loading Player Create Spell Data...
>> Loaded 2745 custom player create spells in 1 ms
Loading Player Create Cast Spell Data...
>> Loaded 19 player create cast spells in 1 ms
Loading Player Create Action Data...
>> Loaded 325 player create actions in 0 ms
Loading Player Create Level HP/Mana Data...
>> Loaded 960 level health/mana definitions in 1 ms
Loading Player Create Level Stats Data...
>> Loaded 5440 level stats definitions in 7 ms
Loading Player Create XP Data...
>> Loaded 79 xp for level definitions in 1 ms
Loading Exploration BaseXP Data...
>> Loaded 80 BaseXP definitions in 1 ms
Loading Pet Name Parts...
>> Loaded 313 pet name parts in 1 ms
Loading the max pet number...
>> Loaded the max pet number: 0 in 0 ms
Loading pet level stats...
>> Loaded 2560 level pet stats definitions in 5 ms
Loading Player level dependent mail rewards...
>> Loaded 25 level dependent mail rewards in 1 ms
Loading creature loot templates...
>> Loaded 317178 creature loot templates in 520 ms
Loading fishing loot templates...
>> Loaded 281 fishing loot templates in 2 ms
Loading gameobject loot templates...
>> Loaded 16756 gameobject loot templates in 30 ms
Loading item loot templates...
>> Loaded 4998 item loot templates in 15 ms
Loading mail loot templates...
>> Loaded 117 mail loot templates in 4 ms
Loading milling loot templates...
>> Loaded 45 milling loot templates in 9 ms
Loading pickpocketing loot templates...
>> Loaded 11048 pickpocketing loot templates in 22 ms
Loading skinning loot templates...
>> Loaded 1894 skinning loot templates in 9 ms
Loading disenchanting loot templates...
>> Loaded 124 disenchanting loot templates in 7 ms
Loading prospecting loot templates...
>> Loaded 36 prospecting loot templates in 4 ms
Loading spell loot templates...
>> Loaded 166 spell loot templates in 5 ms
Loading reference loot templates...
>> Loaded refence loot templates in 66 ms
Loading Skill Discovery Table...
>> Loaded 347 skill discovery definitions in 5 ms.
Loading Skill Extra Item Table...
>> Loaded 225 spell specialization definitions in 2 ms
Loading Skill Perfection Data Table...
>> Loaded 72 spell perfection definitions in 0 ms.
Loading Skill Fishing base level requirements...
>> Loaded 112 areas for fishing base skill level in 1 ms
Loading Achievements...
>> Loaded 43 achievement references in 0 ms.
Loading Achievement Criteria Lists...
>> Loaded 7655 achievement criteria in 1 ms.
Loading Achievement Criteria Data...
>> Loaded 2694 additional achievement criteria data in 3 ms
Loading Achievement Rewards...
>> Loaded 112 achievement rewards in 2 ms.
Loading Achievement Reward Locales...
>> Loaded 31 achievement reward locale strings in 1 ms.
Loading Completed Achievements...
>> Loaded 43 realm first completed achievements in 0 ms.
Loading Item Auctions...
>> Loaded 0 auction items. DB table `auctionhouse` or `item_instance` is empty!
Loading Auctions...
>> Loaded 0 auctions. DB table `auctionhouse` is empty.
Loading Guilds...
Loading guilds definitions...
>> Loaded 0 guild definitions. DB table `guild` is empty.
Loading ArenaTeams...
>> Loaded 0 arena teams. DB table `arena_team` is empty!
Loading Groups...
>> Loaded 0 group definitions. DB table `groups` is empty!
Loading ReservedNames...
>> Loaded 0 reserved player names. DB table `reserved_name` is empty!
Loading GameObjects for quests...
>> Loaded 1796 GameObjects for quests in 3 ms
Loading BattleMasters...
>> Loaded 157 battlemaster entries in 5 ms
Loading GameTeleports...
>> Loaded 1432 GameTeleports in 5 ms
Loading Trainers...
>> Loaded 126 Trainers in 10 ms
Loading Creature default trainers...
>> Loaded 806 default trainers in 2 ms
Loading Gossip menu...
>> Loaded 6081 gossip_menu IDs in 6 ms
Loading Gossip menu options...
>> Loaded 4355 gossip_menu_option entries in 47 ms
Loading Vendors...
>> Loaded 37577 Vendors in 67 ms
Loading Waypoints...
>> Loaded 133424 waypoints in 349 ms
Loading SmartAI Waypoints...
>> Loaded 791 SmartAI waypoint paths (total 10637 waypoints) in 19 ms
Loading Creature Formations...
>> Loaded 2057 creatures in formations in 4 ms
Loading World States...
>> Loaded 95 world states in 2 ms
Loading Conditions...
>> Loaded 14575 conditions in 36 ms
Loading faction change achievement pairs...
>> Loaded 125 faction change achievement pairs in 2 ms
Loading faction change spell pairs...
>> Loaded 111 faction change spell pairs in 1 ms
Loading faction change quest pairs...
>> Loaded 251 faction change quest pairs in 1 ms
Loading faction change item pairs...
>> Loaded 1355 faction change item pairs in 3 ms
Loading faction change reputation pairs...
>> Loaded 16 faction change reputation pairs in 1 ms
Loading faction change title pairs...
>> Loaded 22 faction change title pairs in 1 ms
Loading GM tickets...
>> Loaded 0 GM tickets. DB table `gm_ticket` is empty!
Loading GM surveys...
>> Loaded GM Survey count from database in 3 ms
Loading client addons...
>> Loaded 23 known addons in 4 ms
Returning old mails...
>> No expired mails found.
Loading Autobroadcasts...
>> Loaded 0 autobroadcasts definitions. DB table `autobroadcast` is empty for this realm!
Loading spell_scripts...
>> Loaded 169 script definitions in 2 ms
Loading event_scripts...
>> Loaded 530 script definitions in 4 ms
Loading waypoint_scripts...
>> Loaded 714 script definitions in 2 ms
Loading spell script names...
>> Loaded 2245 spell script names in 4 ms
Loading Creature Texts...
>> Loaded 16820 creature texts for 3766 creatures in 43 ms
Loading Creature Text Locales...
>> Loaded 1 creature localized texts in 1 ms
Initializing Scripts...
Loading Script Waypoints for 47 creature(s)...
>> Loaded 1078 Script Waypoint nodes in 3 ms
>> Loaded spline chain data for 124 chains, consisting of 325 splines with 1684 waypoints in 8 ms
Loading C++ scripts
Correcting your CMAKE_INSTALL_PREFIX in "C:/dev/wow/tswow-build/trinitycore"...
>> CMake cache "C:/dev/wow/tswow-build/trinitycore/CMakeCache.txt" doesn't exist, set the "BuildDirectory" option in your worldserver.conf to pointto your build directory!
Loading script module "scripts_battlefield.dll"...
>> Loaded script module "scripts_battlefield.dll" ("Battlefield" - 550774a).
Loading script module "scripts_commands.dll"...
>> Loaded script module "scripts_commands.dll" ("Commands" - 550774a).
Loading script module "scripts_custom.dll"...
>> Loaded script module "scripts_custom.dll" ("Custom" - 550774a).
Loading script module "scripts_easternkingdoms.dll"...
>> Loaded script module "scripts_easternkingdoms.dll" ("EasternKingdoms" - 550774a).
Loading script module "scripts_events.dll"...
>> Loaded script module "scripts_events.dll" ("Events" - 550774a).
Loading script module "scripts_kalimdor.dll"...
>> Loaded script module "scripts_kalimdor.dll" ("Kalimdor" - 550774a).
Loading script module "scripts_mymodule_ts.dll"...
>> Loaded script module "scripts_mymodule_ts.dll" ("0.762501539083023" - e105d3b).
>> Script module "scripts_mymodule_ts.dll" has a different revision hash! Binary incompatibility could lead to unknown behaviour!
Loading script module "scripts_northrend.dll"...
>> Loaded script module "scripts_northrend.dll" ("Northrend" - 550774a).
Loading script module "scripts_outdoorpvp.dll"...
>> Loaded script module "scripts_outdoorpvp.dll" ("OutdoorPvP" - 550774a).
Loading script module "scripts_outland.dll"...
>> Loaded script module "scripts_outland.dll" ("Outland" - 550774a).
Loading script module "scripts_pet.dll"...
>> Loaded script module "scripts_pet.dll" ("Pet" - 550774a).
Loading script module "scripts_spells.dll"...
>> Loaded script module "scripts_spells.dll" ("Spells" - 550774a).
Loading script module "scripts_world.dll"...
>> Loaded script module "scripts_world.dll" ("World" - 550774a).
>> Loaded 13 script modules.
>> Library reloader is listening on "C:/Users/xmymo/Documents/ts-wow/bin/trinitycore/release/scripts".
>> Loaded 3056 C++ scripts in 407 ms
Validating spell scripts...
>> Validated 2839 scripts in 12 ms
Loading SmartAI scripts...
>> Loaded SmartAIMgr Helpers in 15 ms
>> Loaded 13106 SmartAI scripts in 239 ms
Loading Calendar data...
>> Loaded 0 calendar events in 3 ms
>> Loaded 0 calendar invites in 2 ms
Loading Petitions...
>> Loaded 0 petitions.
Loading Signatures...
>> Loaded 0 Petition signs!
Loading Item loot...
>> Loaded 0 stored item loots
>> Loaded 0 stored item money
Initialize query data...
>> Initialized query cache data in 1619 ms
Initialize commands...
Initialize game time and timers
Mail timer set to: 1320, mail return is called every 1440 minutes
Starting Map System
Starting Game Event system...
Initialize AuctionHouseBot...
Initializing chat channels...
>> Loaded 0 custom chat channels. DB table `channels` is empty.
Initializing Opcodes...
Starting Arena Season...
Starting Battleground System
>> Loaded 11 battlegrounds in 1 ms
Starting Outdoor PvP System
>> Loaded 6 outdoor PvP definitions in 1 ms
Starting Battlefield System
>> Loaded 1 battlefields in 49 ms
Loading Transports...
>> Spawned 20 continent transports in 192 ms
Loading Warden Checks...
Loading Warden Action Overrides...
Deleting expired bans...
Initializing quest reset times...
Calculate random battleground reset time...
Calculate deletion of old calendar events time...
Calculate guild limitation(s) reset time...
World initialized in 0 minutes 13 seconds
Starting up anti-freeze thread (60 seconds max stuck time)...
TrinityCore rev. 550774a431fa 2021-02-09 15:33:34 +0100 (tswow branch) (Win64, Release, Dynamic) (worldserver-daemon) ready...
Released script module "scripts_mymodule_ts.dll" ("0.762501539083023")...
>> Loaded script module "scripts_mymodule_ts.dll" ("0.6024771910088547" - e105d3b).
>> Script module "scripts_mymodule_ts.dll" has a different revision hash! Binary incompatibility could lead to unknown behaviour!
Released script module "scripts_mymodule_ts.dll" ("0.6024771910088547")...
>> Loaded script module "scripts_mymodule_ts.dll" ("0.5761301537935566" - e105d3b).
>> Script module "scripts_mymodule_ts.dll" has a different revision hash! Binary incompatibility could lead to unknown behaviour!
